<?xml version="1.0" encoding="UTF-8"?>
<!-- Generated by org.testng.reporters.JUnitReportReporter -->
<testsuite hostname="LAPTOP-9NE0LV8V" failures="0" tests="3" name="com.test.TestNGRealTime" time="34.381" errors="0" timestamp="2024-09-14T13:13:12 IST" skipped="0">
  <testcase classname="com.test.TestNGRealTime" name="enterData" time="8.525"/>
  <system-out/>
  <testcase classname="com.test.TestNGRealTime" name="enterData" time="8.505"/>
  <system-out/>
  <testcase classname="com.test.TestNGRealTime" name="enterData" time="17.351"/>
  <system-out/>
</testsuite> <!-- com.test.TestNGRealTime -->
