<?xml version="1.0" encoding="UTF-8"?>
<!-- Generated by org.testng.reporters.JUnitReportReporter -->
<testsuite hostname="LAPTOP-9NE0LV8V" failures="0" tests="1" name="com.test.TestNG1" time="0.004" errors="0" timestamp="2024-09-14T13:13:12 IST" skipped="0">
  <testcase classname="com.test.TestNG1" name="a2" time="0.004"/>
  <system-out/>
</testsuite> <!-- com.test.TestNG1 -->
