<?xml version="1.0" encoding="UTF-8"?>
<!-- Generated by org.testng.reporters.JUnitReportReporter -->
<testsuite hostname="LAPTOP-9NE0LV8V" failures="0" tests="1" name="com.test.Open" time="7.726" errors="0" timestamp="2024-09-09T16:35:39 IST" skipped="0">
  <testcase classname="com.test.Open" name="OpenUrl" time="7.726"/>
  <system-out/>
</testsuite> <!-- com.test.Open -->
