<?xml version="1.0" encoding="UTF-8"?>
<!-- Generated by org.testng.reporters.JUnitReportReporter -->
<testsuite hostname="LAPTOP-9NE0LV8V" failures="0" tests="1" name="com.test.OpenTestNG" time="30.246" errors="0" timestamp="2024-09-14T13:13:12 IST" skipped="0">
  <testcase classname="com.test.OpenTestNG" name="OpenUrl" time="30.246"/>
  <system-out/>
</testsuite> <!-- com.test.OpenTestNG -->
