<?xml version="1.0" encoding="UTF-8"?>
<!-- Generated by org.testng.reporters.JUnitReportReporter -->
<testsuite hostname="LAPTOP-9NE0LV8V" failures="0" tests="1" name="com.test.Assertion1" time="10.590" errors="0" timestamp="2024-09-16T10:03:33 IST" skipped="0">
  <testcase classname="com.test.Assertion1" name="testcase1" time="10.590"/>
  <system-out/>
</testsuite> <!-- com.test.Assertion1 -->
