<?xml version="1.0" encoding="UTF-8"?>
<!-- Generated by org.testng.reporters.JUnitReportReporter -->
<testsuite hostname="LAPTOP-9NE0LV8V" failures="0" tests="2" name="com.test.TestNG2" time="0.019" errors="0" timestamp="2024-09-14T13:14:53 IST" skipped="2">
  <testcase classname="com.test.TestNG2" name="d" time="0.019">
    <skipped/>
  </testcase> <!-- d -->
  <system-out/>
  <testcase classname="com.test.TestNG2" name="a">
    <skipped/>
  </testcase> <!-- a -->
  <system-out/>
</testsuite> <!-- com.test.TestNG2 -->
